<?xml version="1.0" encoding="UTF-8"?>
<!-- Generated by org.testng.reporters.JUnitReportReporter -->
<testsuite skipped="1" hostname="Timothys-MacBook-Pro.local" name="Framework.testNG.prioritizing_test" tests="4" failures="0" timestamp="14 Jan 2018 04:56:57 GMT" time="0.023" errors="0">
  <testcase name="SecondTest" time="0.003" classname="Framework.testNG.prioritizing_test"/>
  <testcase name="FourthTest" time="0.015" classname="Framework.testNG.prioritizing_test"/>
  <testcase name="FirstTest" time="0.005" classname="Framework.testNG.prioritizing_test"/>
  <testcase name="ThirdTest" classname="Framework.testNG.prioritizing_test">
    <skipped/>
  </testcase> <!-- ThirdTest -->
</testsuite> <!-- Framework.testNG.prioritizing_test -->
