<?xml version="1.0" encoding="UTF-8"?>
<!-- Generated by org.testng.reporters.JUnitReportReporter -->
<testsuite skipped="0" hostname="Timothys-MacBook-Pro.local" name="Framework.testNG.annotations_testNG" tests="2" failures="0" timestamp="27 Dec 2017 02:26:50 GMT" time="0.031" errors="0">
  <testcase name="flightBooking" time="0.018" classname="Framework.testNG.annotations_testNG"/>
  <testcase name="assignedSeat" time="0.013" classname="Framework.testNG.annotations_testNG"/>
</testsuite> <!-- Framework.testNG.annotations_testNG -->
