<?xml version="1.0" encoding="UTF-8"?>
<!-- Generated by org.testng.reporters.JUnitReportReporter -->
<testsuite skipped="0" hostname="Timothys-MacBook-Pro.local" name="dataDriven.global_parameters" tests="1" failures="0" timestamp="27 Dec 2017 21:40:04 GMT" time="7.487" errors="0">
  <testcase name="Login" time="7.487" classname="dataDriven.global_parameters"/>
</testsuite> <!-- dataDriven.global_parameters -->
