<?xml version="1.0" encoding="UTF-8"?>
<!-- Generated by org.testng.reporters.JUnitReportReporter -->
<testsuite skipped="0" hostname="Timothys-MacBook-Pro.local" name="Framework.testNG.group_priority_tests" tests="2" failures="0" timestamp="27 Dec 2017 03:05:26 GMT" time="0.013" errors="0">
  <testcase name="flightBooking" time="0.002" classname="Framework.testNG.group_priority_tests"/>
  <testcase name="flightBooked" time="0.011" classname="Framework.testNG.group_priority_tests"/>
</testsuite> <!-- Framework.testNG.group_priority_tests -->
