<?xml version="1.0" encoding="UTF-8"?>
<!-- Generated by org.testng.reporters.JUnitReportReporter -->
<testsuite skipped="1" hostname="Timothys-MacBook-Pro.local" name="Framework.testNG.prioritizing_test" tests="4" failures="0" timestamp="27 Dec 2017 02:26:50 GMT" time="0.031" errors="0">
  <testcase name="FourthTest" time="0.023" classname="Framework.testNG.prioritizing_test"/>
  <testcase name="FirstTest" time="0.006" classname="Framework.testNG.prioritizing_test"/>
  <testcase name="SecondTest" time="0.002" classname="Framework.testNG.prioritizing_test"/>
  <testcase name="ThirdTest" classname="Framework.testNG.prioritizing_test">
    <skipped/>
  </testcase> <!-- ThirdTest -->
</testsuite> <!-- Framework.testNG.prioritizing_test -->
