<?xml version="1.0" encoding="UTF-8"?>
<!-- Generated by org.testng.reporters.JUnitReportReporter -->
<testsuite skipped="0" hostname="Timothys-MacBook-Pro.local" name="dataDriven.parameterizing_data" tests="4" failures="0" timestamp="27 Dec 2017 21:12:32 GMT" time="0.058" errors="0">
  <testcase name="UserID" time="0.020" classname="dataDriven.parameterizing_data"/>
  <testcase name="FlightBooking" time="0.023" classname="dataDriven.parameterizing_data"/>
  <testcase name="UserID" time="0.012" classname="dataDriven.parameterizing_data"/>
  <testcase name="UserID" time="0.003" classname="dataDriven.parameterizing_data"/>
</testsuite> <!-- dataDriven.parameterizing_data -->
