<?xml version="1.0" encoding="UTF-8"?>
<!-- Generated by org.testng.reporters.JUnitReportReporter -->
<testsuite skipped="0" hostname="Timothys-MacBook-Pro.local" name="com.mycompany.app.SeleniumTest" tests="2" failures="0" timestamp="29 Dec 2017 00:45:12 GMT" time="0.023" errors="0">
  <testcase name="BrowserAutomation" time="0.018" classname="com.mycompany.app.SeleniumTest"/>
  <testcase name="ElementsUI" time="0.005" classname="com.mycompany.app.SeleniumTest"/>
</testsuite> <!-- com.mycompany.app.SeleniumTest -->
