<?xml version="1.0" encoding="UTF-8"?>
<!-- Generated by org.testng.reporters.JUnitReportReporter -->
<testsuite skipped="0" hostname="Timothys-MacBook-Pro.local" name="com.mycompany.app.RESTAPITest" tests="2" failures="0" timestamp="29 Dec 2017 00:45:12 GMT" time="0.022" errors="0">
  <testcase name="postJira" time="0.012" classname="com.mycompany.app.RESTAPITest"/>
  <testcase name="deleteTwitter" time="0.010" classname="com.mycompany.app.RESTAPITest"/>
</testsuite> <!-- com.mycompany.app.RESTAPITest -->
