<?xml version="1.0" encoding="UTF-8"?>
<!-- Generated by org.testng.reporters.JUnitReportReporter -->
<testsuite skipped="0" hostname="Timothys-MacBook-Pro.local" name="com.mycompany.app.AppiumTest" tests="2" failures="0" timestamp="29 Dec 2017 00:45:12 GMT" time="0.039" errors="0">
  <testcase name="IOSApps" time="0.016" classname="com.mycompany.app.AppiumTest"/>
  <testcase name="NativeAppAndroid" time="0.023" classname="com.mycompany.app.AppiumTest"/>
</testsuite> <!-- com.mycompany.app.AppiumTest -->
