<?xml version="1.0" encoding="UTF-8"?>
<!-- Generated by org.testng.reporters.JUnitReportReporter -->
<testsuite skipped="0" hostname="Timothys-MacBook-Pro.local" name="Framework.testNG.annotations_testNG" tests="2" failures="0" timestamp="26 Dec 2017 06:35:17 GMT" time="0.013" errors="0">
  <testcase name="flightBooking" time="0.005" classname="Framework.testNG.annotations_testNG"/>
  <testcase name="assignedSeat" time="0.008" classname="Framework.testNG.annotations_testNG"/>
</testsuite> <!-- Framework.testNG.annotations_testNG -->
