<?xml version="1.0" encoding="UTF-8"?>
<!-- Generated by org.testng.reporters.JUnitReportReporter -->
<testsuite hostname="Timothys-MacBook-Pro.local" name="Academy.AppTest" tests="1" failures="0" timestamp="24 Jan 2018 21:14:39 GMT" time="0.002" errors="0">
  <testcase name="testApp" time="0.002" classname="Academy.AppTest"/>
</testsuite> <!-- Academy.AppTest -->
