<?xml version="1.0" encoding="UTF-8"?>
<!-- Generated by org.testng.reporters.JUnitReportReporter -->
<testsuite hostname="Timothys-MacBook-Pro.local" name="Academy.validateTitle" tests="1" failures="0" timestamp="24 Jan 2018 21:45:00 GMT" time="0.122" errors="0">
  <testcase name="basePageNavigation" time="0.122" classname="Academy.validateTitle"/>
</testsuite> <!-- Academy.validateTitle -->
